==> building docker image piper-firmware:latest (linux/amd64)
==> ensuring named volumes exist (build state, openipc clone)
==> fixing volume ownership (uid 1000 = builder)
==> running build (BOARD=ssc30kq_skypulse)
--- merging piper drop into /work/drop/.openipc ---
--- staging skypulse main.cpp (/work/main.cpp) ---
--- registering piper packages in general/package/Config.in ---
--- patching upstream Makefile: -j$(shell nproc) -> -j1 ---
--- br-ext-chip-sigmastar/configs/ssc30kq_skypulse_defconfig
make[1]: Entering directory '/work/drop/output/buildroot-2024.02.10'
  GEN     /work/drop/output/Makefile
#
# configuration written to /work/drop/output/.config
#
make[1]: Leaving directory '/work/drop/output/buildroot-2024.02.10'
make[1]: Entering directory '/work/drop/output/buildroot-2024.02.10'
/usr/bin/make -j1  O=/work/drop/output HOSTCC="/usr/bin/gcc" HOSTCXX="/usr/bin/g++" syncconfig
make[2]: Entering directory '/work/drop/output/buildroot-2024.02.10'
make[2]: warning: -j1 forced in submake: resetting jobserver mode.
  GEN     /work/drop/output/Makefile
make[2]: Leaving directory '/work/drop/output/buildroot-2024.02.10'
make[1]: Leaving directory '/work/drop/output/buildroot-2024.02.10'
--- br-ext-chip-sigmastar/configs/ssc30kq_skypulse_defconfig
make[1]: Entering directory '/work/drop/output/buildroot-2024.02.10'
  GEN     /work/drop/output/Makefile
#
# configuration written to /work/drop/output/.config
#
make[1]: Leaving directory '/work/drop/output/buildroot-2024.02.10'
make[1]: Entering directory '/work/drop/output/buildroot-2024.02.10'
/usr/bin/make -j1  O=/work/drop/output HOSTCC="/usr/bin/gcc" HOSTCXX="/usr/bin/g++" syncconfig
make[2]: Entering directory '/work/drop/output/buildroot-2024.02.10'
make[2]: warning: -j1 forced in submake: resetting jobserver mode.
  GEN     /work/drop/output/Makefile
make[2]: Leaving directory '/work/drop/output/buildroot-2024.02.10'
ln -snf /work/drop/output/host/arm-buildroot-linux-gnueabihf/sysroot /work/drop/output/staging
mkdir -p /work/drop/output/per-package/busybox/host
>>> host-libtool 2.4.6 Building
GIT_DIR=. PATH="/work/drop/output/per-package/host-libtool/host/bin:/work/drop/output/per-package/host-libtool/host/sbin:/usr/local/sbin:/usr/local/bin:/usr/sbin:/usr/bin:/sbin:/bin" PKG_CONFIG="/work/drop/output/per-package/host-libtool/host/bin/pkg-config" PKG_CONFIG_SYSROOT_DIR="/" PKG_CONFIG_ALLOW_SYSTEM_CFLAGS=1 PKG_CONFIG_ALLOW_SYSTEM_LIBS=1 PKG_CONFIG_LIBDIR="/work/drop/output/per-package/host-libtool/host/lib/pkgconfig:/work/drop/output/per-package/host-libtool/host/share/pkgconfig"  /usr/bin/make   -C /work/drop/output/build/host-libtool-2.4.6/.
mkdir -p /work/drop/output/per-package/busybox/target
make[2]: Entering directory '/work/drop/output/build/host-libtool-2.4.6'
Using /work/drop/output/build/busybox-1.36.1/.config as base
#
# merged configuration written to /work/drop/output/build/busybox-1.36.1/.config (needs make)
#
make[2]: Entering directory '/work/drop/output/build/busybox-1.36.1'
  GEN      libtoolize
make[2]: *** write jobserver: Bad file descriptor.  Stop.
make[2]: write: Bad file descriptor
make[2]: Leaving directory '/work/drop/output/build/busybox-1.36.1'
make[1]: *** [package/busybox/busybox.mk:434: /work/drop/output/build/busybox-1.36.1/.stamp_dotconfig] Error 2
make[1]: *** Waiting for unfinished jobs....
/usr/bin/make  all-recursive
make[3]: Entering directory '/work/drop/output/build/host-libtool-2.4.6'
Making all in .
make[4]: Entering directory '/work/drop/output/build/host-libtool-2.4.6'
make[5]: Entering directory '/work/drop/output/build/host-libtool-2.4.6'
  CC       libltdl/loaders/dlopen.lo
make[5]: Leaving directory '/work/drop/output/build/host-libtool-2.4.6'
  CC       libltdl/lt__strl.lo
  CC       libltdl/loaders/libltdl_libltdl_la-preopen.lo
  CC       libltdl/libltdl_libltdl_la-lt__alloc.lo
  CC       libltdl/libltdl_libltdl_la-lt_dlloader.lo
  CC       libltdl/libltdl_libltdl_la-lt_error.lo
  CC       libltdl/libltdl_libltdl_la-ltdl.lo
  CC       libltdl/libltdl_libltdl_la-slist.lo
  CCLD     libltdl/dlopen.la
/usr/bin/ar: `u' modifier ignored since `D' is the default (see `U')
  CCLD     libltdl/libltdl.la
  GEN      libltdl/stamp-mk
make[4]: Leaving directory '/work/drop/output/build/host-libtool-2.4.6'
make[3]: Leaving directory '/work/drop/output/build/host-libtool-2.4.6'
make[2]: Leaving directory '/work/drop/output/build/host-libtool-2.4.6'
make[1]: Leaving directory '/work/drop/output/buildroot-2024.02.10'
make: *** [Makefile:27: build] Error 2
make: *** [Makefile:32: all] Error 2
